2026.07.01 19:33:28 INFO  Started: Metals version 1.6.7 in folders 'C:\Users\kushi\OneDrive\Desktop\Class\kafkaBuild' for client Visual Studio Code 1.126.0.
2026.07.01 19:33:28 INFO  Memory monitor started
2026.07.01 19:33:29 WARN  Using H2 2.4.240 which is newer than the version Flyway has been verified with. The latest verified version of H2 is 2.3.232.
2026.07.01 19:33:30 INFO  no build target found for C:\Users\kushi\OneDrive\Desktop\Class\kafkaBuild\Main.java. Using fallback presentation compiler.
2026.07.01 19:33:30 WARN  Could not calculate checksum for mvn in C:\Users\kushi\OneDrive\Desktop\Class\kafkaBuild
2026.07.01 19:33:30 WARN  Build server is not auto-connectable.
2026.07.01 19:33:30 WARN  no build target for: C:\Users\kushi\OneDrive\Desktop\Class\kafkaBuild\Main.java
2026.07.01 19:33:30 INFO  no build target found for C:\Users\kushi\OneDrive\Desktop\Class\kafkaBuild\Main.java. Using fallback presentation compiler.
2026.07.01 19:33:31 INFO  time: code lens generation in 1.28s
2026.07.01 19:33:38 INFO  no build target found for C:\Users\kushi\OneDrive\Desktop\Class\kafkaBuild\Main.java. Using fallback presentation compiler.
2026.07.01 19:33:38 WARN  no build target for: C:\Users\kushi\OneDrive\Desktop\Class\kafkaBuild\Main.java
2026.07.01 19:33:38 INFO  no build target found for C:\Users\kushi\OneDrive\Desktop\Class\kafkaBuild\Main.java. Using fallback presentation compiler.
2026.07.01 19:33:41 INFO  no build target found for c:\Users\kushi\OneDrive\Desktop\Class\kafkaBuild\Main.java. Using fallback presentation compiler.
Jul 01, 2026 7:33:42 PM org.eclipse.lsp4j.jsonrpc.RemoteEndpoint handleNotification
WARNING: Notification threw an exception: {
  "jsonrpc": "2.0",
  "method": "metals/didFocusTextDocument",
  "params": [
    "class:/c%3A/Users/kushi/OneDrive/Desktop/Class/kafkaBuild/Main.class"
  ]
}
java.nio.file.FileSystemNotFoundException: Provider "class" not installed
	at java.base/java.nio.file.Path.of(Path.java:210)
	at java.base/java.nio.file.Paths.get(Paths.java:95)
	at scala.meta.internal.mtags.MtagsEnrichments$XtensionURIMtags.toAbsolutePath(MtagsEnrichments.scala:149)
	at scala.meta.internal.mtags.MtagsEnrichments$XtensionStringMtags.toAbsolutePath(MtagsEnrichments.scala:209)
	at scala.meta.internal.metals.MetalsEnrichments$XtensionString.toAbsolutePath(MetalsEnrichments.scala:787)
	at scala.meta.internal.metals.MetalsEnrichments$XtensionString.toAbsolutePath(MetalsEnrichments.scala:784)
	at scala.meta.internal.metals.WorkspaceLspService.didFocus(WorkspaceLspService.scala:808)
	at scala.meta.metals.lsp.DelegatingScalaService.didFocus(DelegatingScalaService.scala:42)
	at java.base/jdk.internal.reflect.DirectMethodHandleAccessor.invoke(DirectMethodHandleAccessor.java:104)
	at java.base/java.lang.reflect.Method.invoke(Method.java:565)
	at org.eclipse.lsp4j.jsonrpc.services.GenericEndpoint.lambda$recursiveFindRpcMethods$0(GenericEndpoint.java:65)
	at org.eclipse.lsp4j.jsonrpc.services.GenericEndpoint.notify(GenericEndpoint.java:160)
	at org.eclipse.lsp4j.jsonrpc.RemoteEndpoint.handleNotification(RemoteEndpoint.java:225)
	at org.eclipse.lsp4j.jsonrpc.RemoteEndpoint.consume(RemoteEndpoint.java:192)
	at org.eclipse.lsp4j.jsonrpc.json.StreamMessageProducer.handleMessage(StreamMessageProducer.java:189)
	at org.eclipse.lsp4j.jsonrpc.json.StreamMessageProducer.listen(StreamMessageProducer.java:97)
	at org.eclipse.lsp4j.jsonrpc.json.ConcurrentMessageProcessor.run(ConcurrentMessageProcessor.java:97)
	at java.base/java.util.concurrent.Executors$RunnableAdapter.call(Executors.java:545)
	at java.base/java.util.concurrent.FutureTask.run(FutureTask.java:328)
	at java.base/java.util.concurrent.ThreadPoolExecutor.runWorker(ThreadPoolExecutor.java:1090)
	at java.base/java.util.concurrent.ThreadPoolExecutor$Worker.run(ThreadPoolExecutor.java:614)
	at java.base/java.lang.Thread.run(Thread.java:1474)

Jul 01, 2026 7:33:47 PM org.eclipse.lsp4j.jsonrpc.RemoteEndpoint handleNotification
WARNING: Notification threw an exception: {
  "jsonrpc": "2.0",
  "method": "metals/didFocusTextDocument",
  "params": [
    "class:/c%3A/Users/kushi/OneDrive/Desktop/Class/kafkaBuild/Main.class"
  ]
}
java.nio.file.FileSystemNotFoundException: Provider "class" not installed
	at java.base/java.nio.file.Path.of(Path.java:210)
	at java.base/java.nio.file.Paths.get(Paths.java:95)
	at scala.meta.internal.mtags.MtagsEnrichments$XtensionURIMtags.toAbsolutePath(MtagsEnrichments.scala:149)
	at scala.meta.internal.mtags.MtagsEnrichments$XtensionStringMtags.toAbsolutePath(MtagsEnrichments.scala:209)
	at scala.meta.internal.metals.MetalsEnrichments$XtensionString.toAbsolutePath(MetalsEnrichments.scala:787)
	at scala.meta.internal.metals.MetalsEnrichments$XtensionString.toAbsolutePath(MetalsEnrichments.scala:784)
	at scala.meta.internal.metals.WorkspaceLspService.didFocus(WorkspaceLspService.scala:808)
	at scala.meta.metals.lsp.DelegatingScalaService.didFocus(DelegatingScalaService.scala:42)
	at java.base/jdk.internal.reflect.DirectMethodHandleAccessor.invoke(DirectMethodHandleAccessor.java:104)
	at java.base/java.lang.reflect.Method.invoke(Method.java:565)
	at org.eclipse.lsp4j.jsonrpc.services.GenericEndpoint.lambda$recursiveFindRpcMethods$0(GenericEndpoint.java:65)
	at org.eclipse.lsp4j.jsonrpc.services.GenericEndpoint.notify(GenericEndpoint.java:160)
	at org.eclipse.lsp4j.jsonrpc.RemoteEndpoint.handleNotification(RemoteEndpoint.java:225)
	at org.eclipse.lsp4j.jsonrpc.RemoteEndpoint.consume(RemoteEndpoint.java:192)
	at org.eclipse.lsp4j.jsonrpc.json.StreamMessageProducer.handleMessage(StreamMessageProducer.java:189)
	at org.eclipse.lsp4j.jsonrpc.json.StreamMessageProducer.listen(StreamMessageProducer.java:97)
	at org.eclipse.lsp4j.jsonrpc.json.ConcurrentMessageProcessor.run(ConcurrentMessageProcessor.java:97)
	at java.base/java.util.concurrent.Executors$RunnableAdapter.call(Executors.java:545)
	at java.base/java.util.concurrent.FutureTask.run(FutureTask.java:328)
	at java.base/java.util.concurrent.ThreadPoolExecutor.runWorker(ThreadPoolExecutor.java:1090)
	at java.base/java.util.concurrent.ThreadPoolExecutor$Worker.run(ThreadPoolExecutor.java:614)
	at java.base/java.lang.Thread.run(Thread.java:1474)

2026.07.01 19:37:54 WARN  Could not calculate checksum for mvn in C:\Users\kushi\OneDrive\Desktop\Class\kafkaBuild
2026.07.01 19:37:54 WARN  Build server is not auto-connectable.
2026.07.01 20:04:52 WARN  no build target for: C:\Users\kushi\OneDrive\Desktop\Class\kafkaBuild\src\main\java\com\simplekafka\broker\BrokerInfo.java
2026.07.01 20:04:52 WARN  Running javac-semanticdb failed for file:///C:/Users/kushi/OneDrive/Desktop/Class/kafkaBuild/src/main/java/com/simplekafka/broker/BrokerInfo.java. Output:

2026.07.01 20:04:52 INFO  no build target found for C:\Users\kushi\OneDrive\Desktop\Class\kafkaBuild\src\main\java\com\simplekafka\broker\BrokerInfo.java. Using fallback presentation compiler.
2026.07.01 20:04:52 WARN  no build target for: C:\Users\kushi\OneDrive\Desktop\Class\kafkaBuild\src\main\java\com\simplekafka\broker\BrokerInfo.java
2026.07.01 20:04:52 INFO  no build target found for C:\Users\kushi\OneDrive\Desktop\Class\kafkaBuild\src\main\java\com\simplekafka\broker\BrokerInfo.java. Using fallback presentation compiler.
Jul 01, 2026 8:04:53 PM org.eclipse.lsp4j.jsonrpc.RemoteEndpoint handleCancellation
WARNING: Unmatched cancel notification for request id 16
2026.07.01 20:04:52 INFO  no build target found for C:\Users\kushi\OneDrive\Desktop\Class\kafkaBuild\src\main\java\com\simplekafka\broker\BrokerInfo.java. Using fallback presentation compiler.
2026.07.01 20:04:52 INFO  no build target found for C:\Users\kushi\OneDrive\Desktop\Class\kafkaBuild\src\main\java\com\simplekafka\broker\BrokerInfo.java. Using fallback presentation compiler.
2026.07.01 20:04:53 INFO  no build target found for C:\Users\kushi\OneDrive\Desktop\Class\kafkaBuild\src\main\java\com\simplekafka\broker\BrokerInfo.java. Using fallback presentation compiler.
2026.07.01 20:04:53 INFO  no build target found for C:\Users\kushi\OneDrive\Desktop\Class\kafkaBuild\src\main\java\com\simplekafka\broker\BrokerInfo.java. Using fallback presentation compiler.
2026.07.01 20:05:04 INFO  no build target found for C:\Users\kushi\OneDrive\Desktop\Class\kafkaBuild\src\main\java\com\simplekafka\broker\BrokerInfo.java. Using fallback presentation compiler.
2026.07.01 20:05:04 INFO  no build target found for C:\Users\kushi\OneDrive\Desktop\Class\kafkaBuild\src\main\java\com\simplekafka\broker\BrokerInfo.java. Using fallback presentation compiler.
2026.07.01 20:05:12 INFO  no build target found for C:\Users\kushi\OneDrive\Desktop\Class\kafkaBuild\src\main\java\com\simplekafka\broker\BrokerInfo.java. Using fallback presentation compiler.
2026.07.01 20:05:17 INFO  no build target found for C:\Users\kushi\OneDrive\Desktop\Class\kafkaBuild\src\main\java\com\simplekafka\broker\BrokerInfo.java. Using fallback presentation compiler.
2026.07.01 20:05:54 INFO  no build target found for C:\Users\kushi\OneDrive\Desktop\Class\kafkaBuild\src\main\java\com\simplekafka\broker\BrokerInfo.java. Using fallback presentation compiler.
2026.07.01 20:08:54 INFO  no build target found for C:\Users\kushi\OneDrive\Desktop\Class\kafkaBuild\src\main\java\com\simplekafka\broker\BrokerInfo.java. Using fallback presentation compiler.
2026.07.01 20:08:54 INFO  no build target found for C:\Users\kushi\OneDrive\Desktop\Class\kafkaBuild\src\main\java\com\simplekafka\broker\BrokerInfo.java. Using fallback presentation compiler.
2026.07.01 20:08:56 INFO  no build target found for C:\Users\kushi\OneDrive\Desktop\Class\kafkaBuild\src\main\java\com\simplekafka\broker\BrokerInfo.java. Using fallback presentation compiler.
2026.07.01 20:08:56 INFO  no build target found for C:\Users\kushi\OneDrive\Desktop\Class\kafkaBuild\src\main\java\com\simplekafka\broker\BrokerInfo.java. Using fallback presentation compiler.
2026.07.01 20:08:57 INFO  no build target found for C:\Users\kushi\OneDrive\Desktop\Class\kafkaBuild\src\main\java\com\simplekafka\broker\BrokerInfo.java. Using fallback presentation compiler.
2026.07.01 20:08:57 INFO  no build target found for C:\Users\kushi\OneDrive\Desktop\Class\kafkaBuild\src\main\java\com\simplekafka\broker\BrokerInfo.java. Using fallback presentation compiler.
2026.07.01 20:08:58 INFO  no build target found for C:\Users\kushi\OneDrive\Desktop\Class\kafkaBuild\src\main\java\com\simplekafka\broker\BrokerInfo.java. Using fallback presentation compiler.
2026.07.01 20:09:49 INFO  no build target found for C:\Users\kushi\OneDrive\Desktop\Class\kafkaBuild\src\main\java\com\simplekafka\broker\BrokerInfo.java. Using fallback presentation compiler.
2026.07.01 20:09:49 INFO  no build target found for C:\Users\kushi\OneDrive\Desktop\Class\kafkaBuild\src\main\java\com\simplekafka\broker\BrokerInfo.java. Using fallback presentation compiler.
2026.07.01 20:09:49 INFO  no build target found for C:\Users\kushi\OneDrive\Desktop\Class\kafkaBuild\src\main\java\com\simplekafka\broker\BrokerInfo.java. Using fallback presentation compiler.
2026.07.01 20:09:53 INFO  no build target found for C:\Users\kushi\OneDrive\Desktop\Class\kafkaBuild\src\main\java\com\simplekafka\broker\BrokerInfo.java. Using fallback presentation compiler.
2026.07.01 20:09:53 INFO  no build target found for C:\Users\kushi\OneDrive\Desktop\Class\kafkaBuild\src\main\java\com\simplekafka\broker\BrokerInfo.java. Using fallback presentation compiler.
2026.07.01 20:09:53 INFO  no build target found for C:\Users\kushi\OneDrive\Desktop\Class\kafkaBuild\src\main\java\com\simplekafka\broker\BrokerInfo.java. Using fallback presentation compiler.
2026.07.01 20:10:31 INFO  no build target found for C:\Users\kushi\OneDrive\Desktop\Class\kafkaBuild\src\main\java\com\simplekafka\broker\BrokerInfo.java. Using fallback presentation compiler.
2026.07.01 20:10:35 INFO  no build target found for C:\Users\kushi\OneDrive\Desktop\Class\kafkaBuild\src\main\java\com\simplekafka\broker\BrokerInfo.java. Using fallback presentation compiler.
2026.07.01 20:10:35 INFO  no build target found for C:\Users\kushi\OneDrive\Desktop\Class\kafkaBuild\src\main\java\com\simplekafka\broker\BrokerInfo.java. Using fallback presentation compiler.
2026.07.01 20:10:35 INFO  no build target found for C:\Users\kushi\OneDrive\Desktop\Class\kafkaBuild\src\main\java\com\simplekafka\broker\BrokerInfo.java. Using fallback presentation compiler.
2026.07.01 20:10:36 INFO  no build target found for C:\Users\kushi\OneDrive\Desktop\Class\kafkaBuild\src\main\java\com\simplekafka\broker\BrokerInfo.java. Using fallback presentation compiler.
2026.07.01 20:10:36 INFO  no build target found for C:\Users\kushi\OneDrive\Desktop\Class\kafkaBuild\src\main\java\com\simplekafka\broker\BrokerInfo.java. Using fallback presentation compiler.
2026.07.01 20:10:36 INFO  no build target found for C:\Users\kushi\OneDrive\Desktop\Class\kafkaBuild\src\main\java\com\simplekafka\broker\BrokerInfo.java. Using fallback presentation compiler.
2026.07.01 20:10:36 INFO  no build target found for C:\Users\kushi\OneDrive\Desktop\Class\kafkaBuild\src\main\java\com\simplekafka\broker\BrokerInfo.java. Using fallback presentation compiler.
2026.07.01 20:15:41 INFO  no build target found for C:\Users\kushi\OneDrive\Desktop\Class\kafkaBuild\src\main\java\com\simplekafka\broker\BrokerInfo.java. Using fallback presentation compiler.
2026.07.01 20:15:41 INFO  no build target found for C:\Users\kushi\OneDrive\Desktop\Class\kafkaBuild\src\main\java\com\simplekafka\broker\BrokerInfo.java. Using fallback presentation compiler.
2026.07.01 20:15:49 INFO  no build target found for C:\Users\kushi\OneDrive\Desktop\Class\kafkaBuild\src\main\java\com\simplekafka\broker\BrokerInfo.java. Using fallback presentation compiler.
2026.07.01 20:15:59 INFO  no build target found for C:\Users\kushi\OneDrive\Desktop\Class\kafkaBuild\src\main\java\com\simplekafka\broker\BrokerInfo.java. Using fallback presentation compiler.
2026.07.01 20:16:47 INFO  no build target found for C:\Users\kushi\OneDrive\Desktop\Class\kafkaBuild\src\main\java\com\simplekafka\broker\BrokerInfo.java. Using fallback presentation compiler.
2026.07.01 20:16:47 INFO  no build target found for c:\Users\kushi\OneDrive\Desktop\Class\kafkaBuild\src\main\java\com\simplekafka\broker\BrokerInfo.java. Using fallback presentation compiler.
2026.07.01 20:16:47 WARN  no build target for: C:\Users\kushi\OneDrive\Desktop\Class\kafkaBuild\src\main\java\com\simplekafka\broker\SimpleKafkaBroker.java
2026.07.01 20:16:47 INFO  no build target found for C:\Users\kushi\OneDrive\Desktop\Class\kafkaBuild\src\main\java\com\simplekafka\broker\SimpleKafkaBroker.java. Using fallback presentation compiler.
2026.07.01 20:16:47 INFO  no build target found for C:\Users\kushi\OneDrive\Desktop\Class\kafkaBuild\src\main\java\com\simplekafka\broker\SimpleKafkaBroker.java. Using fallback presentation compiler.
2026.07.01 20:16:47 INFO  no build target found for C:\Users\kushi\OneDrive\Desktop\Class\kafkaBuild\src\main\java\com\simplekafka\broker\SimpleKafkaBroker.java. Using fallback presentation compiler.
2026.07.01 20:16:47 INFO  no build target found for C:\Users\kushi\OneDrive\Desktop\Class\kafkaBuild\src\main\java\com\simplekafka\broker\SimpleKafkaBroker.java. Using fallback presentation compiler.
2026.07.01 20:16:48 INFO  no build target found for C:\Users\kushi\OneDrive\Desktop\Class\kafkaBuild\src\main\java\com\simplekafka\broker\SimpleKafkaBroker.java. Using fallback presentation compiler.
2026.07.01 20:16:48 INFO  no build target found for C:\Users\kushi\OneDrive\Desktop\Class\kafkaBuild\src\main\java\com\simplekafka\broker\SimpleKafkaBroker.java. Using fallback presentation compiler.
2026.07.01 20:16:49 INFO  no build target found for C:\Users\kushi\OneDrive\Desktop\Class\kafkaBuild\src\main\java\com\simplekafka\broker\SimpleKafkaBroker.java. Using fallback presentation compiler.
2026.07.01 20:42:46 INFO  no build target found for C:\Users\kushi\OneDrive\Desktop\Class\kafkaBuild\src\main\java\com\simplekafka\broker\SimpleKafkaBroker.java. Using fallback presentation compiler.
2026.07.01 20:42:46 INFO  no build target found for C:\Users\kushi\OneDrive\Desktop\Class\kafkaBuild\src\main\java\com\simplekafka\broker\SimpleKafkaBroker.java. Using fallback presentation compiler.
2026.07.01 20:42:46 INFO  no build target found for C:\Users\kushi\OneDrive\Desktop\Class\kafkaBuild\src\main\java\com\simplekafka\broker\SimpleKafkaBroker.java. Using fallback presentation compiler.
2026.07.01 20:42:46 INFO  no build target found for C:\Users\kushi\OneDrive\Desktop\Class\kafkaBuild\src\main\java\com\simplekafka\broker\SimpleKafkaBroker.java. Using fallback presentation compiler.
2026.07.01 20:42:48 WARN  no build target for: C:\Users\kushi\OneDrive\Desktop\Class\kafkaBuild\src\main\java\com\simplekafka\broker\SimpleKafkaBroker.java
2026.07.01 20:42:48 INFO  no build target found for C:\Users\kushi\OneDrive\Desktop\Class\kafkaBuild\src\main\java\com\simplekafka\broker\SimpleKafkaBroker.java. Using fallback presentation compiler.
2026.07.01 20:42:49 INFO  no build target found for C:\Users\kushi\OneDrive\Desktop\Class\kafkaBuild\src\main\java\com\simplekafka\broker\SimpleKafkaBroker.java. Using fallback presentation compiler.
2026.07.01 20:43:10 INFO  no build target found for C:\Users\kushi\OneDrive\Desktop\Class\kafkaBuild\src\main\java\com\simplekafka\broker\SimpleKafkaBroker.java. Using fallback presentation compiler.
2026.07.01 20:43:39 INFO  no build target found for C:\Users\kushi\OneDrive\Desktop\Class\kafkaBuild\src\main\java\com\simplekafka\broker\SimpleKafkaBroker.java. Using fallback presentation compiler.
2026.07.01 20:53:01 INFO  no build target found for C:\Users\kushi\OneDrive\Desktop\Class\kafkaBuild\src\main\java\com\simplekafka\broker\SimpleKafkaBroker.java. Using fallback presentation compiler.
2026.07.01 20:55:05 INFO  no build target found for C:\Users\kushi\OneDrive\Desktop\Class\kafkaBuild\src\main\java\com\simplekafka\broker\SimpleKafkaBroker.java. Using fallback presentation compiler.
2026.07.01 21:06:05 INFO  no build target found for C:\Users\kushi\OneDrive\Desktop\Class\kafkaBuild\src\main\java\com\simplekafka\broker\SimpleKafkaBroker.java. Using fallback presentation compiler.
2026.07.01 21:06:05 INFO  no build target found for C:\Users\kushi\OneDrive\Desktop\Class\kafkaBuild\src\main\java\com\simplekafka\broker\SimpleKafkaBroker.java. Using fallback presentation compiler.
2026.07.01 21:06:07 INFO  no build target found for C:\Users\kushi\OneDrive\Desktop\Class\kafkaBuild\src\main\java\com\simplekafka\broker\SimpleKafkaBroker.java. Using fallback presentation compiler.
2026.07.01 21:06:13 WARN  no build target for: C:\Users\kushi\OneDrive\Desktop\Class\kafkaBuild\src\main\java\com\simplekafka\broker\Protocol.java
2026.07.01 21:06:13 WARN  Running javac-semanticdb failed for file:///C:/Users/kushi/OneDrive/Desktop/Class/kafkaBuild/src/main/java/com/simplekafka/broker/Protocol.java. Output:

2026.07.01 21:06:13 INFO  no build target found for C:\Users\kushi\OneDrive\Desktop\Class\kafkaBuild\src\main\java\com\simplekafka\broker\Protocol.java. Using fallback presentation compiler.
2026.07.01 21:06:13 WARN  no build target for: C:\Users\kushi\OneDrive\Desktop\Class\kafkaBuild\src\main\java\com\simplekafka\broker\Protocol.java
2026.07.01 21:06:13 INFO  no build target found for C:\Users\kushi\OneDrive\Desktop\Class\kafkaBuild\src\main\java\com\simplekafka\broker\Protocol.java. Using fallback presentation compiler.
Jul 01, 2026 9:06:13 PM org.eclipse.lsp4j.jsonrpc.RemoteEndpoint handleCancellation
WARNING: Unmatched cancel notification for request id 155
2026.07.01 21:06:13 INFO  no build target found for C:\Users\kushi\OneDrive\Desktop\Class\kafkaBuild\src\main\java\com\simplekafka\broker\Protocol.java. Using fallback presentation compiler.
2026.07.01 21:06:13 INFO  no build target found for C:\Users\kushi\OneDrive\Desktop\Class\kafkaBuild\src\main\java\com\simplekafka\broker\Protocol.java. Using fallback presentation compiler.
Jul 01, 2026 9:06:13 PM org.eclipse.lsp4j.jsonrpc.RemoteEndpoint handleCancellation
WARNING: Unmatched cancel notification for request id 158
2026.07.01 21:06:13 INFO  no build target found for C:\Users\kushi\OneDrive\Desktop\Class\kafkaBuild\src\main\java\com\simplekafka\broker\Protocol.java. Using fallback presentation compiler.
2026.07.01 21:06:13 INFO  no build target found for C:\Users\kushi\OneDrive\Desktop\Class\kafkaBuild\src\main\java\com\simplekafka\broker\Protocol.java. Using fallback presentation compiler.
Jul 01, 2026 9:06:14 PM org.eclipse.lsp4j.jsonrpc.RemoteEndpoint handleCancellation
WARNING: Unmatched cancel notification for request id 160
2026.07.01 21:06:13 INFO  no build target found for C:\Users\kushi\OneDrive\Desktop\Class\kafkaBuild\src\main\java\com\simplekafka\broker\Protocol.java. Using fallback presentation compiler.
2026.07.01 21:06:13 INFO  Created report: Optional[file:///C:/Users/kushi/OneDrive/Desktop/Class/kafkaBuild/src/main/java/com/simplekafka/broker/Protocol.java]
2026.07.01 21:06:13 INFO  empty definition using pc, found symbol in pc: java/io/IOException# (full report at: "C:\Users\kushi\OneDrive\Desktop\Class\kafkaBuild\.metals\.reports\metals-full\2026-07-01\r_empty-definition_21-06-14-131.md")
2026.07.01 21:06:29 INFO  no build target found for C:\Users\kushi\OneDrive\Desktop\Class\kafkaBuild\src\main\java\com\simplekafka\broker\Protocol.java. Using fallback presentation compiler.
2026.07.01 21:06:31 INFO  no build target found for C:\Users\kushi\OneDrive\Desktop\Class\kafkaBuild\src\main\java\com\simplekafka\broker\Protocol.java. Using fallback presentation compiler.
2026.07.01 21:06:31 INFO  no build target found for C:\Users\kushi\OneDrive\Desktop\Class\kafkaBuild\src\main\java\com\simplekafka\broker\Protocol.java. Using fallback presentation compiler.
2026.07.01 21:06:32 INFO  no build target found for C:\Users\kushi\OneDrive\Desktop\Class\kafkaBuild\src\main\java\com\simplekafka\broker\Protocol.java. Using fallback presentation compiler.
2026.07.01 21:08:45 INFO  no build target found for C:\Users\kushi\OneDrive\Desktop\Class\kafkaBuild\src\main\java\com\simplekafka\broker\Protocol.java. Using fallback presentation compiler.
2026.07.01 21:09:21 INFO  no build target found for C:\Users\kushi\OneDrive\Desktop\Class\kafkaBuild\src\main\java\com\simplekafka\broker\Protocol.java. Using fallback presentation compiler.
2026.07.01 21:09:24 INFO  no build target found for C:\Users\kushi\OneDrive\Desktop\Class\kafkaBuild\src\main\java\com\simplekafka\broker\Protocol.java. Using fallback presentation compiler.
2026.07.01 21:09:24 INFO  no build target found for C:\Users\kushi\OneDrive\Desktop\Class\kafkaBuild\src\main\java\com\simplekafka\broker\Protocol.java. Using fallback presentation compiler.
2026.07.01 21:09:26 INFO  no build target found for C:\Users\kushi\OneDrive\Desktop\Class\kafkaBuild\src\main\java\com\simplekafka\broker\Protocol.java. Using fallback presentation compiler.
2026.07.01 21:09:28 INFO  no build target found for C:\Users\kushi\OneDrive\Desktop\Class\kafkaBuild\src\main\java\com\simplekafka\broker\Protocol.java. Using fallback presentation compiler.
2026.07.01 21:09:28 INFO  no build target found for C:\Users\kushi\OneDrive\Desktop\Class\kafkaBuild\src\main\java\com\simplekafka\broker\Protocol.java. Using fallback presentation compiler.
2026.07.01 21:10:05 INFO  no build target found for C:\Users\kushi\OneDrive\Desktop\Class\kafkaBuild\src\main\java\com\simplekafka\broker\Protocol.java. Using fallback presentation compiler.
2026.07.01 21:10:05 INFO  no build target found for C:\Users\kushi\OneDrive\Desktop\Class\kafkaBuild\src\main\java\com\simplekafka\broker\Protocol.java. Using fallback presentation compiler.
2026.07.01 21:10:05 INFO  no build target found for C:\Users\kushi\OneDrive\Desktop\Class\kafkaBuild\src\main\java\com\simplekafka\broker\Protocol.java. Using fallback presentation compiler.
2026.07.01 21:10:07 INFO  no build target found for C:\Users\kushi\OneDrive\Desktop\Class\kafkaBuild\src\main\java\com\simplekafka\broker\Protocol.java. Using fallback presentation compiler.
2026.07.01 21:10:07 INFO  no build target found for C:\Users\kushi\OneDrive\Desktop\Class\kafkaBuild\src\main\java\com\simplekafka\broker\Protocol.java. Using fallback presentation compiler.
2026.07.01 21:10:07 INFO  no build target found for C:\Users\kushi\OneDrive\Desktop\Class\kafkaBuild\src\main\java\com\simplekafka\broker\Protocol.java. Using fallback presentation compiler.
2026.07.01 21:10:08 INFO  no build target found for C:\Users\kushi\OneDrive\Desktop\Class\kafkaBuild\src\main\java\com\simplekafka\broker\Protocol.java. Using fallback presentation compiler.
2026.07.01 21:10:08 INFO  no build target found for C:\Users\kushi\OneDrive\Desktop\Class\kafkaBuild\src\main\java\com\simplekafka\broker\Protocol.java. Using fallback presentation compiler.
2026.07.01 21:10:08 INFO  no build target found for C:\Users\kushi\OneDrive\Desktop\Class\kafkaBuild\src\main\java\com\simplekafka\broker\Protocol.java. Using fallback presentation compiler.
2026.07.01 21:10:08 INFO  no build target found for C:\Users\kushi\OneDrive\Desktop\Class\kafkaBuild\src\main\java\com\simplekafka\broker\Protocol.java. Using fallback presentation compiler.
2026.07.01 21:10:08 INFO  no build target found for C:\Users\kushi\OneDrive\Desktop\Class\kafkaBuild\src\main\java\com\simplekafka\broker\Protocol.java. Using fallback presentation compiler.
2026.07.01 21:10:08 INFO  no build target found for C:\Users\kushi\OneDrive\Desktop\Class\kafkaBuild\src\main\java\com\simplekafka\broker\Protocol.java. Using fallback presentation compiler.
2026.07.01 21:10:08 INFO  Created report: Optional[file:///C:/Users/kushi/OneDrive/Desktop/Class/kafkaBuild/src/main/java/com/simplekafka/broker/Protocol.java]
2026.07.01 21:10:08 INFO  empty definition using pc, found symbol in pc: java/nio/ByteBuffer#putInt(). (full report at: "C:\Users\kushi\OneDrive\Desktop\Class\kafkaBuild\.metals\.reports\metals-full\2026-07-01\r_empty-definition_21-10-08-781.md")
2026.07.01 21:11:18 INFO  no build target found for C:\Users\kushi\OneDrive\Desktop\Class\kafkaBuild\src\main\java\com\simplekafka\broker\Protocol.java. Using fallback presentation compiler.
2026.07.01 21:11:18 INFO  no build target found for C:\Users\kushi\OneDrive\Desktop\Class\kafkaBuild\src\main\java\com\simplekafka\broker\Protocol.java. Using fallback presentation compiler.
2026.07.01 21:14:14 INFO  no build target found for C:\Users\kushi\OneDrive\Desktop\Class\kafkaBuild\src\main\java\com\simplekafka\broker\Protocol.java. Using fallback presentation compiler.
2026.07.01 21:14:16 INFO  no build target found for C:\Users\kushi\OneDrive\Desktop\Class\kafkaBuild\src\main\java\com\simplekafka\broker\Protocol.java. Using fallback presentation compiler.
2026.07.01 21:14:16 INFO  no build target found for C:\Users\kushi\OneDrive\Desktop\Class\kafkaBuild\src\main\java\com\simplekafka\broker\Protocol.java. Using fallback presentation compiler.
2026.07.01 21:14:29 INFO  no build target found for C:\Users\kushi\OneDrive\Desktop\Class\kafkaBuild\src\main\java\com\simplekafka\broker\Protocol.java. Using fallback presentation compiler.
2026.07.01 21:14:29 INFO  no build target found for C:\Users\kushi\OneDrive\Desktop\Class\kafkaBuild\src\main\java\com\simplekafka\broker\Protocol.java. Using fallback presentation compiler.
2026.07.01 21:14:30 INFO  no build target found for C:\Users\kushi\OneDrive\Desktop\Class\kafkaBuild\src\main\java\com\simplekafka\broker\Protocol.java. Using fallback presentation compiler.
2026.07.01 21:14:30 INFO  no build target found for C:\Users\kushi\OneDrive\Desktop\Class\kafkaBuild\src\main\java\com\simplekafka\broker\Protocol.java. Using fallback presentation compiler.
2026.07.01 21:14:32 INFO  no build target found for C:\Users\kushi\OneDrive\Desktop\Class\kafkaBuild\src\main\java\com\simplekafka\broker\Protocol.java. Using fallback presentation compiler.
2026.07.01 21:21:06 INFO  no build target found for C:\Users\kushi\OneDrive\Desktop\Class\kafkaBuild\src\main\java\com\simplekafka\broker\Protocol.java. Using fallback presentation compiler.
2026.07.01 21:21:06 INFO  no build target found for C:\Users\kushi\OneDrive\Desktop\Class\kafkaBuild\src\main\java\com\simplekafka\broker\Protocol.java. Using fallback presentation compiler.
2026.07.01 21:21:07 INFO  no build target found for C:\Users\kushi\OneDrive\Desktop\Class\kafkaBuild\src\main\java\com\simplekafka\broker\Protocol.java. Using fallback presentation compiler.
Jul 01, 2026 9:28:30 PM org.eclipse.lsp4j.jsonrpc.services.GenericEndpoint notify
INFO: Unsupported notification method: $/setTrace
2026.07.01 21:28:31 INFO  no build target found for C:\Users\kushi\OneDrive\Desktop\Class\kafkaBuild\src\main\java\com\simplekafka\broker\Protocol.java. Using fallback presentation compiler.
Jul 01, 2026 9:28:34 PM org.eclipse.lsp4j.jsonrpc.services.GenericEndpoint notify
INFO: Unsupported notification method: $/setTrace
2026.07.01 21:28:34 INFO  no build target found for C:\Users\kushi\OneDrive\Desktop\Class\kafkaBuild\src\main\java\com\simplekafka\broker\Protocol.java. Using fallback presentation compiler.
2026.07.01 21:30:29 INFO  no build target found for C:\Users\kushi\OneDrive\Desktop\Class\kafkaBuild\src\main\java\com\simplekafka\broker\Protocol.java. Using fallback presentation compiler.
2026.07.01 21:33:02 INFO  Shutting down server
2026.07.01 21:33:02 INFO  Memory monitor stopped
2026.07.01 21:33:02 INFO  shutting down Metals
2026.07.01 21:33:02 INFO  Exiting server
